2024-12-20 00:57:54.227  INFO 30052 --- [main] com.tject.DemoApplication         : Starting DemoApplication using Java 1.8.0_401 on DSB with PID 30052 (D:\Local repository\demo\target\classes started by Administrator in D:\Local repository\demo)
2024-12-20 00:57:54.230  INFO 30052 --- [main] com.tject.DemoApplication         : No active profile set, falling back to 1 default profile: "default"
2024-12-20 00:57:54.672  WARN 30052 --- [main] o.m.s.mapper.ClassPathMapperScanner      : No MyBatis mapper was found in '[com.tject.demo]' package. Please check your configuration.
2024-12-20 00:57:54.971  INFO 30052 --- [main] o.s.b.w.embedded.tomcat.TomcatWebServer  : Tomcat initialized with port(s): 8081 (http)
2024-12-20 00:57:54.978  INFO 30052 --- [main] o.apache.catalina.core.StandardService   : Starting service [Tomcat]
2024-12-20 00:57:54.979  INFO 30052 --- [main] org.apache.catalina.core.StandardEngine  : Starting Servlet engine: [Apache Tomcat/9.0.68]
2024-12-20 00:57:55.129  INFO 30052 --- [main] o.a.c.c.C.[Tomcat].[localhost].[/]       : Initializing Spring embedded WebApplicationContext
2024-12-20 00:57:55.129  INFO 30052 --- [main] w.s.c.ServletWebServerApplicationContext : Root WebApplicationContext: initialization completed in 868 ms
2024-12-20 00:57:55.380  WARN 30052 --- [main] ConfigServletWebServerApplicationContext : Exception encountered during context initialization - cancelling refresh attempt: org.springframework.beans.factory.BeanCreationException: Error creating bean with name 'dataSource' defined in class path resource [org/springframework/boot/autoconfigure/jdbc/DataSourceConfiguration$Hikari.class]: Bean instantiation via factory method failed; nested exception is org.springframework.beans.BeanInstantiationException: Failed to instantiate [com.zaxxer.hikari.HikariDataSource]: Factory method 'dataSource' threw exception; nested exception is java.lang.IllegalStateException: Cannot load driver class: com.mysql.cj.jdbc.Driver
2024-12-20 00:57:55.383  INFO 30052 --- [main] o.apache.catalina.core.StandardService   : Stopping service [Tomcat]
2024-12-20 00:57:55.393  INFO 30052 --- [main] ConditionEvaluationReportLoggingListener : 

Error starting ApplicationContext. To display the conditions report re-run your application with 'debug' enabled.
2024-12-20 00:57:55.418 ERROR 30052 --- [main] o.s.boot.SpringApplication               : Application run failed

org.springframework.beans.factory.BeanCreationException: Error creating bean with name 'dataSource' defined in class path resource [org/springframework/boot/autoconfigure/jdbc/DataSourceConfiguration$Hikari.class]: Bean instantiation via factory method failed; nested exception is org.springframework.beans.BeanInstantiationException: Failed to instantiate [com.zaxxer.hikari.HikariDataSource]: Factory method 'dataSource' threw exception; nested exception is java.lang.IllegalStateException: Cannot load driver class: com.mysql.cj.jdbc.Driver
	at org.springframework.beans.factory.support.ConstructorResolver.instantiate(ConstructorResolver.java:658) ~[spring-beans-5.3.23.jar:5.3.23]
	at org.springframework.beans.factory.support.ConstructorResolver.instantiateUsingFactoryMethod(ConstructorResolver.java:638) ~[spring-beans-5.3.23.jar:5.3.23]
	at org.springframework.beans.factory.support.AbstractAutowireCapableBeanFactory.instantiateUsingFactoryMethod(AbstractAutowireCapableBeanFactory.java:1352) ~[spring-beans-5.3.23.jar:5.3.23]
	at org.springframework.beans.factory.support.AbstractAutowireCapableBeanFactory.createBeanInstance(AbstractAutowireCapableBeanFactory.java:1195) ~[spring-beans-5.3.23.jar:5.3.23]
	at org.springframework.beans.factory.support.AbstractAutowireCapableBeanFactory.doCreateBean(AbstractAutowireCapableBeanFactory.java:582) ~[spring-beans-5.3.23.jar:5.3.23]
	at org.springframework.beans.factory.support.AbstractAutowireCapableBeanFactory.createBean(AbstractAutowireCapableBeanFactory.java:542) ~[spring-beans-5.3.23.jar:5.3.23]
	at org.springframework.beans.factory.support.AbstractBeanFactory.lambda$doGetBean$0(AbstractBeanFactory.java:335) ~[spring-beans-5.3.23.jar:5.3.23]
	at org.springframework.beans.factory.support.DefaultSingletonBeanRegistry.getSingleton(DefaultSingletonBeanRegistry.java:234) ~[spring-beans-5.3.23.jar:5.3.23]
	at org.springframework.beans.factory.support.AbstractBeanFactory.doGetBean(AbstractBeanFactory.java:333) ~[spring-beans-5.3.23.jar:5.3.23]
	at org.springframework.beans.factory.support.AbstractBeanFactory.getBean(AbstractBeanFactory.java:208) ~[spring-beans-5.3.23.jar:5.3.23]
	at org.springframework.beans.factory.support.DefaultListableBeanFactory.preInstantiateSingletons(DefaultListableBeanFactory.java:955) ~[spring-beans-5.3.23.jar:5.3.23]
	at org.springframework.context.support.AbstractApplicationContext.finishBeanFactoryInitialization(AbstractApplicationContext.java:918) ~[spring-context-5.3.23.jar:5.3.23]
	at org.springframework.context.support.AbstractApplicationContext.refresh(AbstractApplicationContext.java:583) ~[spring-context-5.3.23.jar:5.3.23]
	at org.springframework.boot.web.servlet.context.ServletWebServerApplicationContext.refresh(ServletWebServerApplicationContext.java:145) ~[spring-boot-2.6.13.jar:2.6.13]
	at org.springframework.boot.SpringApplication.refresh(SpringApplication.java:745) [spring-boot-2.6.13.jar:2.6.13]
	at org.springframework.boot.SpringApplication.refreshContext(SpringApplication.java:420) [spring-boot-2.6.13.jar:2.6.13]
	at org.springframework.boot.SpringApplication.run(SpringApplication.java:307) [spring-boot-2.6.13.jar:2.6.13]
	at org.springframework.boot.SpringApplication.run(SpringApplication.java:1317) [spring-boot-2.6.13.jar:2.6.13]
	at org.springframework.boot.SpringApplication.run(SpringApplication.java:1306) [spring-boot-2.6.13.jar:2.6.13]
	at com.tject.DemoApplication.main(DemoApplication.java:10) [classes/:na]
Caused by: org.springframework.beans.BeanInstantiationException: Failed to instantiate [com.zaxxer.hikari.HikariDataSource]: Factory method 'dataSource' threw exception; nested exception is java.lang.IllegalStateException: Cannot load driver class: com.mysql.cj.jdbc.Driver
	at org.springframework.beans.factory.support.SimpleInstantiationStrategy.instantiate(SimpleInstantiationStrategy.java:185) ~[spring-beans-5.3.23.jar:5.3.23]
	at org.springframework.beans.factory.support.ConstructorResolver.instantiate(ConstructorResolver.java:653) ~[spring-beans-5.3.23.jar:5.3.23]
	... 19 common frames omitted
Caused by: java.lang.IllegalStateException: Cannot load driver class: com.mysql.cj.jdbc.Driver
	at org.springframework.util.Assert.state(Assert.java:97) ~[spring-core-5.3.23.jar:5.3.23]
	at org.springframework.boot.autoconfigure.jdbc.DataSourceProperties.determineDriverClassName(DataSourceProperties.java:241) ~[spring-boot-autoconfigure-2.6.13.jar:2.6.13]
	at org.springframework.boot.autoconfigure.jdbc.DataSourceProperties.initializeDataSourceBuilder(DataSourceProperties.java:193) ~[spring-boot-autoconfigure-2.6.13.jar:2.6.13]
	at org.springframework.boot.autoconfigure.jdbc.DataSourceConfiguration.createDataSource(DataSourceConfiguration.java:48) ~[spring-boot-autoconfigure-2.6.13.jar:2.6.13]
	at org.springframework.boot.autoconfigure.jdbc.DataSourceConfiguration$Hikari.dataSource(DataSourceConfiguration.java:90) ~[spring-boot-autoconfigure-2.6.13.jar:2.6.13]
	at sun.reflect.NativeMethodAccessorImpl.invoke0(Native Method) ~[na:1.8.0_401]
	at sun.reflect.NativeMethodAccessorImpl.invoke(NativeMethodAccessorImpl.java:62) ~[na:1.8.0_401]
	at sun.reflect.DelegatingMethodAccessorImpl.invoke(DelegatingMethodAccessorImpl.java:43) ~[na:1.8.0_401]
	at java.lang.reflect.Method.invoke(Method.java:498) ~[na:1.8.0_401]
	at org.springframework.beans.factory.support.SimpleInstantiationStrategy.instantiate(SimpleInstantiationStrategy.java:154) ~[spring-beans-5.3.23.jar:5.3.23]
	... 20 common frames omitted

2024-12-20 01:03:16.276  INFO 25516 --- [main] com.tject.DemoApplication         : Starting DemoApplication using Java 1.8.0_401 on DSB with PID 25516 (D:\Local repository\demo\target\classes started by Administrator in D:\Local repository\demo)
2024-12-20 01:03:16.280  INFO 25516 --- [main] com.tject.DemoApplication         : No active profile set, falling back to 1 default profile: "default"
2024-12-20 01:03:16.774  WARN 25516 --- [main] o.m.s.mapper.ClassPathMapperScanner      : No MyBatis mapper was found in '[com.tject.demo]' package. Please check your configuration.
2024-12-20 01:03:17.036  INFO 25516 --- [main] o.s.b.w.embedded.tomcat.TomcatWebServer  : Tomcat initialized with port(s): 8081 (http)
2024-12-20 01:03:17.043  INFO 25516 --- [main] o.apache.catalina.core.StandardService   : Starting service [Tomcat]
2024-12-20 01:03:17.043  INFO 25516 --- [main] org.apache.catalina.core.StandardEngine  : Starting Servlet engine: [Apache Tomcat/9.0.68]
2024-12-20 01:03:17.171  INFO 25516 --- [main] o.a.c.c.C.[Tomcat].[localhost].[/]       : Initializing Spring embedded WebApplicationContext
2024-12-20 01:03:17.171  INFO 25516 --- [main] w.s.c.ServletWebServerApplicationContext : Root WebApplicationContext: initialization completed in 856 ms
2024-12-20 01:03:19.160  INFO 25516 --- [main] o.s.b.w.embedded.tomcat.TomcatWebServer  : Tomcat started on port(s): 8081 (http) with context path ''
2024-12-20 01:03:19.171  INFO 25516 --- [main] com.tject.DemoApplication         : Started DemoApplication in 3.258 seconds (JVM running for 4.629)
